[Wed Mar 08 15:26:54.475619 2023] [mpm_winnt:notice] [pid 25488:tid 728] AH00455: Apache/2.4.46 (Win32) PHP/7.4.12 configured -- resuming normal operations
[Wed Mar 08 15:26:54.480608 2023] [mpm_winnt:notice] [pid 25488:tid 728] AH00456: Apache Lounge VS16 Server built: Oct  2 2020 10:45:47
[Wed Mar 08 15:26:54.480608 2023] [core:notice] [pid 25488:tid 728] AH00094: Command line: 'mapache.exe -d E:/dokuwiki-915b2df3d9fd68d1cef066986225d101/DokuWikiStick/server'
[Wed Mar 08 15:26:54.915318 2023] [mpm_winnt:notice] [pid 25488:tid 728] AH00418: Parent: Created child process 18564
Apache server shutdown initiated...
pm_winnt:notice] [pid 18564:tid 844] AH00354: Child: Starting 24 worker threads.
[Wed Mar 08 15:26:58.915136 2023] [authz_core:error] [pid 18564:tid 1016] [client ::1:55475] AH01630: client denied by server configuration: E:/dokuwiki-915b2df3d9fd68d1cef066986225d101/DokuWikiStick/dokuwiki/data/dont-panic-if-you-see-this-in-your-logs-it-means-your-directory-permissions-are-correct.png, referer: http://localhost:8800/install.php
[Wed Mar 08 15:30:04.511255 2023] [authz_core:error] [pid 18564:tid 1016] [client ::1:55539] AH01630: client denied by server configuration: E:/dokuwiki-915b2df3d9fd68d1cef066986225d101/DokuWikiStick/dokuwiki/data/dont-panic-if-you-see-this-in-your-logs-it-means-your-directory-permissions-are-correct.png, referer: http://localhost:8800/install.php
[Wed Mar 08 15:30:56.288953 2023] [php7:error] [pid 18564:tid 1016] [client ::1:55557] script 'E:/dokuwiki-915b2df3d9fd68d1cef066986225d101/DokuWikiStick/dokuwiki/install.php' not found or unable to stat, referer: http://localhost:8800/install.php
[Wed Mar 08 15:31:10.406767 2023] [mpm_winnt:notice] [pid 25488:tid 728] AH00422: Parent: Received shutdown signal -- Shutting down the server.
[Wed Mar 08 15:31:19.706243 2023] [mpm_winnt:notice] [pid 18564:tid 844] AH00364: Child: All worker threads have exited.
[Wed Mar 08 15:31:19.794493 2023] [core:warn] [pid 7912:tid 88] AH00098: pid file E:/dokuwiki-915b2df3d9fd68d1cef066986225d101/DokuWikiStick/server/logs/httpd.pid overwritten -- Unclean shutdown of previous Apache run?
[Wed Mar 08 15:31:23.107292 2023] [mpm_winnt:notice] [pid 7912:tid 88] AH00455: Apache/2.4.46 (Win32) PHP/7.4.12 configured -- resuming normal operations
[Wed Mar 08 15:31:23.107292 2023] [mpm_winnt:notice] [pid 7912:tid 88] AH00456: Apache Lounge VS16 Server built: Oct  2 2020 10:45:47
[Wed Mar 08 15:31:23.107292 2023] [core:notice] [pid 7912:tid 88] AH00094: Command line: 'mapache.exe -d E:/dokuwiki-915b2df3d9fd68d1cef066986225d101/DokuWikiStick/server'
[Wed Mar 08 15:31:23.870731 2023] [mpm_winnt:notice] [pid 7912:tid 88] AH00418: Parent: Created child process 21968
[Wed Mar 08 15:31:25.203122 2023] [mpm_winnt:notice] [pid 21968:tid 824] AH00354: Child: Starting 24 worker threads.
[Wed Mar 08 15:32:23.095429 2023] [authz_core:error] [pid 21968:tid 1032] [client ::1:55615] AH01630: client denied by server configuration: E:/dokuwiki-915b2df3d9fd68d1cef066986225d101/DokuWikiStick/dokuwiki/data/dont-panic-if-you-see-this-in-your-logs-it-means-your-directory-permissions-are-correct.png, referer: http://localhost:8800/doku.php?id=start&do=admin
[Fri Mar 10 10:43:23.111868 2023] [php7:error] [pid 21968:tid 996] [client ::1:62486] script 'E:/dokuwiki-915b2df3d9fd68d1cef066986225d101/DokuWikiStick/dokuwiki/install.php' not found or unable to stat, referer: http://localhost:8800/install.php
[Thu Mar 16 14:02:42.579367 2023] [core:warn] [pid 28324:tid 776] AH00098: pid file E:/dokuwiki-915b2df3d9fd68d1cef066986225d101/DokuWikiStick/server/logs/httpd.pid overwritten -- Unclean shutdown of previous Apache run?
[Thu Mar 16 14:02:53.723255 2023] [mpm_winnt:notice] [pid 28324:tid 776] AH00455: Apache/2.4.46 (Win32) PHP/7.4.12 configured -- resuming normal operations
[Thu Mar 16 14:02:53.723255 2023] [mpm_winnt:notice] [pid 28324:tid 776] AH00456: Apache Lounge VS16 Server built: Oct  2 2020 10:45:47
[Thu Mar 16 14:02:53.723255 2023] [core:notice] [pid 28324:tid 776] AH00094: Command line: 'mapache.exe -d E:/dokuwiki-915b2df3d9fd68d1cef066986225d101/DokuWikiStick/server'
[Thu Mar 16 14:02:53.856199 2023] [mpm_winnt:notice] [pid 28324:tid 776] AH00418: Parent: Created child process 12600
[Thu Mar 16 14:02:58.371576 2023] [mpm_winnt:notice] [pid 12600:tid 832] AH00354: Child: Starting 24 worker threads.
[Thu Mar 16 15:15:59.940989 2023] [authz_core:error] [pid 12600:tid 1020] [client ::1:63086] AH01630: client denied by server configuration: E:/dokuwiki-915b2df3d9fd68d1cef066986225d101/DokuWikiStick/dokuwiki/data/dont-panic-if-you-see-this-in-your-logs-it-means-your-directory-permissions-are-correct.png, referer: http://localhost:8800/doku.php?id=start&do=admin
[Tue Mar 21 10:33:20.384055 2023] [core:warn] [pid 25864:tid 748] AH00098: pid file E:/dokuwiki-915b2df3d9fd68d1cef066986225d101/DokuWikiStick/server/logs/httpd.pid overwritten -- Unclean shutdown of previous Apache run?
[Tue Mar 21 10:33:29.862487 2023] [mpm_winnt:notice] [pid 25864:tid 748] AH00455: Apache/2.4.46 (Win32) PHP/7.4.12 configured -- resuming normal operations
[Tue Mar 21 10:33:29.862487 2023] [mpm_winnt:notice] [pid 25864:tid 748] AH00456: Apache Lounge VS16 Server built: Oct  2 2020 10:45:47
[Tue Mar 21 10:33:29.862487 2023] [core:notice] [pid 25864:tid 748] AH00094: Command line: 'mapache.exe -d E:/dokuwiki-915b2df3d9fd68d1cef066986225d101/DokuWikiStick/server'
[Tue Mar 21 10:33:29.979556 2023] [mpm_winnt:notice] [pid 25864:tid 748] AH00418: Parent: Created child process 23068
Apache server shutdown initiated...
pm_winnt:notice] [pid 23068:tid 824] AH00354: Child: Starting 24 worker threads.
[Tue Mar 21 11:06:46.652443 2023] [authz_core:error] [pid 23068:tid 984] [client ::1:51817] AH01630: client denied by server configuration: E:/dokuwiki-915b2df3d9fd68d1cef066986225d101/DokuWikiStick/dokuwiki/data/dont-panic-if-you-see-this-in-your-logs-it-means-your-directory-permissions-are-correct.png, referer: http://localhost:8800/doku.php?id=processos:desenho_do_servico:fluxograma_gestao_de_mudancas_ses&do=admin
[Tue Mar 21 11:55:37.763695 2023] [authz_core:error] [pid 23068:tid 996] [client ::1:53679] AH01630: client denied by server configuration: E:/dokuwiki-915b2df3d9fd68d1cef066986225d101/DokuWikiStick/dokuwiki/data/dont-panic-if-you-see-this-in-your-logs-it-means-your-directory-permissions-are-correct.png, referer: http://localhost:8800/doku.php?id=wiki:indice&do=admin
[Tue Mar 21 14:58:54.992679 2023] [authz_core:error] [pid 23068:tid 980] [client ::1:63510] AH01630: client denied by server configuration: E:/dokuwiki-915b2df3d9fd68d1cef066986225d101/DokuWikiStick/dokuwiki/data/dont-panic-if-you-see-this-in-your-logs-it-means-your-directory-permissions-are-correct.png, referer: http://localhost:8800/doku.php?id=wiki:indice&do=admin
[Wed Mar 22 09:21:45.756165 2023] [mpm_winnt:notice] [pid 25864:tid 748] AH00422: Parent: Received shutdown signal -- Shutting down the server.
[Wed Mar 22 09:21:48.036917 2023] [mpm_winnt:notice] [pid 23068:tid 824] AH00364: Child: All worker threads have exited.
[Wed Mar 22 11:28:50.774706 2023] [core:warn] [pid 3196:tid 732] AH00098: pid file E:/dokuwiki-915b2df3d9fd68d1cef066986225d101/DokuWikiStick/server/logs/httpd.pid overwritten -- Unclean shutdown of previous Apache run?
[Wed Mar 22 11:28:59.699270 2023] [mpm_winnt:notice] [pid 3196:tid 732] AH00455: Apache/2.4.46 (Win32) PHP/7.4.12 configured -- resuming normal operations
[Wed Mar 22 11:28:59.699270 2023] [mpm_winnt:notice] [pid 3196:tid 732] AH00456: Apache Lounge VS16 Server built: Oct  2 2020 10:45:47
[Wed Mar 22 11:28:59.699270 2023] [core:notice] [pid 3196:tid 732] AH00094: Command line: 'mapache.exe -d E:/dokuwiki-915b2df3d9fd68d1cef066986225d101/DokuWikiStick/server'
[Wed Mar 22 11:28:59.927616 2023] [mpm_winnt:notice] [pid 3196:tid 732] AH00418: Parent: Created child process 9164
[Wed Mar 22 11:29:01.336618 2023] [mpm_winnt:notice] [pid 9164:tid 828] AH00354: Child: Starting 24 worker threads.
[Mon Mar 27 16:01:50.400651 2023] [core:warn] [pid 23620:tid 704] AH00098: pid file E:/dokuwiki-915b2df3d9fd68d1cef066986225d101/DokuWikiStick/server/logs/httpd.pid overwritten -- Unclean shutdown of previous Apache run?
[Mon Mar 27 16:02:00.103408 2023] [mpm_winnt:notice] [pid 23620:tid 704] AH00455: Apache/2.4.46 (Win32) PHP/7.4.12 configured -- resuming normal operations
[Mon Mar 27 16:02:00.103408 2023] [mpm_winnt:notice] [pid 23620:tid 704] AH00456: Apache Lounge VS16 Server built: Oct  2 2020 10:45:47
[Mon Mar 27 16:02:00.103408 2023] [core:notice] [pid 23620:tid 704] AH00094: Command line: 'mapache.exe -d E:/dokuwiki-915b2df3d9fd68d1cef066986225d101/DokuWikiStick/server'
[Mon Mar 27 16:02:00.150784 2023] [mpm_winnt:notice] [pid 23620:tid 704] AH00418: Parent: Created child process 26704
Apache server shutdown initiated...
pm_winnt:notice] [pid 26704:tid 828] AH00354: Child: Starting 24 worker threads.
[Mon Mar 27 16:06:29.475655 2023] [authz_core:error] [pid 26704:tid 1016] [client ::1:56984] AH01630: client denied by server configuration: E:/dokuwiki-915b2df3d9fd68d1cef066986225d101/DokuWikiStick/dokuwiki/data/dont-panic-if-you-see-this-in-your-logs-it-means-your-directory-permissions-are-correct.png, referer: http://localhost:8800/doku.php?id=start&do=admin
[Mon Mar 27 16:32:20.452167 2023] [mpm_winnt:notice] [pid 23620:tid 704] AH00422: Parent: Received shutdown signal -- Shutting down the server.
[Mon Mar 27 16:32:22.466169 2023] [mpm_winnt:notice] [pid 26704:tid 828] AH00364: Child: All worker threads have exited.
